<?xml version="1.0" encoding="UTF-8"?>
<!-- Generated by org.testng.reporters.JUnitReportReporter -->
<testsuite hostname="DESKTOP-4J7E3CH" failures="0" tests="5" name="TelecomFlowTests" time="9.920" errors="0" timestamp="2026-03-09T12:58:57 IST" skipped="0">
  <testcase classname="TelecomFlowTests" name="addUser" time="3.896"/>
  <testcase classname="TelecomFlowTests" name="addContact" time="1.539"/>
  <testcase classname="TelecomFlowTests" name="getContactList" time="1.521"/>
  <testcase classname="TelecomFlowTests" name="getContact" time="1.455"/>
  <testcase classname="TelecomFlowTests" name="logoutUser" time="1.509"/>
</testsuite> <!-- TelecomFlowTests -->
